<?xml version="1.0" encoding="UTF-8"?>
<!-- Generated by org.testng.reporters.JUnitXMLReporter -->
<testsuite ignored="0" hostname="Ashishs-MacBook-Air.local" failures="0" tests="3" name="UI Tests" time="12.372" errors="0" timestamp="2025-12-25T19:32:07 IST">
  <testcase classname="test.Practice" name="valdiateAlerts" time="0.683"/>
  <testcase classname="test.Practice" name="validateDynamicContent" time="0.869"/>
  <testcase classname="test.Practice" name="validateDynamicControls" time="8.864"/>
</testsuite> <!-- UI Tests -->
