<?xml version="1.0" encoding="UTF-8"?>
<!-- Generated by org.testng.reporters.JUnitXMLReporter -->
<testsuite ignored="2" hostname="Ashishs-MacBook-Air.local" failures="0" tests="1" name="Default test" time="5.001" errors="0" timestamp="2025-12-25T19:25:26 IST">
  <testcase classname="test.Practice" name="valdiateAlerts" time="0.467"/>
  <testcase classname="test.Practice" name="validateDynamicControls" time="0.0">
    <ignored/>
  </testcase> <!-- validateDynamicControls -->
  <testcase classname="test.Practice" name="validateDynamicContent" time="0.0">
    <ignored/>
  </testcase> <!-- validateDynamicContent -->
</testsuite> <!-- Default test -->
