<?xml version="1.0" encoding="UTF-8"?>
<testng-results ignored="0" total="3" passed="3" failed="0" skipped="0">
  <reporter-output>
  </reporter-output>
  <suite started-at="2025-12-25T19:31:54 IST" name="Parallel Suite" finished-at="2025-12-25T19:32:07 IST" duration-ms="12372">
    <groups>
    </groups>
    <test started-at="2025-12-25T19:31:54 IST" name="UI Tests" finished-at="2025-12-25T19:32:07 IST" duration-ms="12372">
      <class name="test.Practice">
        <test-method is-config="true" signature="setUp()[pri:0, instance:test.Practice@6440112d]" started-at="2025-12-25T19:31:54 IST" name="setUp" finished-at="2025-12-25T19:31:58 IST" duration-ms="3350" status="PASS">
          <reporter-output>
          </reporter-output>
        </test-method> <!-- setUp -->
        <test-method is-config="true" signature="setUp()[pri:0, instance:test.Practice@6440112d]" started-at="2025-12-25T19:31:54 IST" name="setUp" finished-at="2025-12-25T19:32:00 IST" duration-ms="5246" status="PASS">
          <reporter-output>
          </reporter-output>
        </test-method> <!-- setUp -->
        <test-method is-config="true" signature="setUp()[pri:0, instance:test.Practice@6440112d]" started-at="2025-12-25T19:31:54 IST" name="setUp" finished-at="2025-12-25T19:32:00 IST" duration-ms="5300" status="PASS">
          <reporter-output>
          </reporter-output>
        </test-method> <!-- setUp -->
        <test-method signature="validateDynamicControls()[pri:0, instance:test.Practice@6440112d]" started-at="2025-12-25T19:31:58 IST" name="validateDynamicControls" finished-at="2025-12-25T19:32:07 IST" duration-ms="8864" status="PASS">
          <reporter-output>
          </reporter-output>
        </test-method> <!-- validateDynamicControls -->
        <test-method signature="validateDynamicContent()[pri:0, instance:test.Practice@6440112d]" started-at="2025-12-25T19:32:00 IST" name="validateDynamicContent" finished-at="2025-12-25T19:32:00 IST" duration-ms="869" status="PASS">
          <reporter-output>
          </reporter-output>
        </test-method> <!-- validateDynamicContent -->
        <test-method signature="valdiateAlerts()[pri:0, instance:test.Practice@6440112d]" started-at="2025-12-25T19:32:00 IST" name="valdiateAlerts" finished-at="2025-12-25T19:32:00 IST" duration-ms="683" status="PASS">
          <reporter-output>
          </reporter-output>
        </test-method> <!-- valdiateAlerts -->
        <test-method is-config="true" signature="tearDown()[pri:0, instance:test.Practice@6440112d]" started-at="2025-12-25T19:32:00 IST" name="tearDown" finished-at="2025-12-25T19:32:01 IST" duration-ms="138" status="PASS">
          <reporter-output>
          </reporter-output>
        </test-method> <!-- tearDown -->
        <test-method is-config="true" signature="tearDown()[pri:0, instance:test.Practice@6440112d]" started-at="2025-12-25T19:32:00 IST" name="tearDown" finished-at="2025-12-25T19:32:01 IST" duration-ms="89" status="PASS">
          <reporter-output>
          </reporter-output>
        </test-method> <!-- tearDown -->
        <test-method is-config="true" signature="tearDown()[pri:0, instance:test.Practice@6440112d]" started-at="2025-12-25T19:32:07 IST" name="tearDown" finished-at="2025-12-25T19:32:07 IST" duration-ms="92" status="PASS">
          <reporter-output>
          </reporter-output>
        </test-method> <!-- tearDown -->
      </class> <!-- test.Practice -->
    </test> <!-- UI Tests -->
  </suite> <!-- Parallel Suite -->
</testng-results>
