<?xml version="1.0" encoding="UTF-8"?>
<!-- Generated by org.testng.reporters.JUnitReportReporter -->
<testsuite hostname="Ashishs-MacBook-Air.local" failures="0" tests="3" name="test.Practice" time="24.631" errors="0" timestamp="2025-12-25T19:32:07 IST" skipped="0">
  <testcase classname="test.Practice" name="valdiateAlerts" time="4.122"/>
  <testcase classname="test.Practice" name="validateDynamicControls" time="14.202"/>
  <testcase classname="test.Practice" name="validateDynamicContent" time="6.307"/>
</testsuite> <!-- test.Practice -->
